0 info it worked if it ends with ok
1 verbose cli [ '/usr/local/bin/node', '/usr/local/bin/npm', 'start' ]
2 info using npm@3.8.6
3 info using node@v5.12.0
4 verbose run-script [ 'prestart', 'start', 'poststart' ]
5 info lifecycle elm-app-boilerplate@0.3.1~prestart: elm-app-boilerplate@0.3.1
6 silly lifecycle elm-app-boilerplate@0.3.1~prestart: no script for prestart, continuing
7 info lifecycle elm-app-boilerplate@0.3.1~start: elm-app-boilerplate@0.3.1
8 verbose lifecycle elm-app-boilerplate@0.3.1~start: unsafe-perm in lifecycle true
9 verbose lifecycle elm-app-boilerplate@0.3.1~start: PATH: /usr/local/lib/node_modules/npm/bin/node-gyp-bin:/Users/jake/Sites/elm/elm-app-boilerplate/node_modules/.bin:/usr/local/bin:/usr/local/sbin:/Users/jake/.rvm/gems/ruby-2.1.3/bin:/Users/jake/.rvm/gems/ruby-2.1.3@global/bin:/Users/jake/.rvm/rubies/ruby-2.1.3/bin:/usr/local/lib:/usr/local/bin:/Users/jake/bin:/usr/bin:/bin:/usr/sbin:/sbin:/usr/local/share/npm/bin:/Users/jake/.rvm/bin:/Users/jake/bin/elm-format:/Users/jake/.rvm/bin
10 verbose lifecycle elm-app-boilerplate@0.3.1~start: CWD: /Users/jake/Sites/elm/elm-app-boilerplate
11 silly lifecycle elm-app-boilerplate@0.3.1~start: Args: [ '-c', 'webpack-dev-server --hot --inline' ]
12 silly lifecycle elm-app-boilerplate@0.3.1~start: Returned: code: 1  signal: null
13 info lifecycle elm-app-boilerplate@0.3.1~start: Failed to exec start script
14 verbose stack Error: elm-app-boilerplate@0.3.1 start: `webpack-dev-server --hot --inline`
14 verbose stack Exit status 1
14 verbose stack     at EventEmitter.<anonymous> (/usr/local/lib/node_modules/npm/lib/utils/lifecycle.js:239:16)
14 verbose stack     at emitTwo (events.js:100:13)
14 verbose stack     at EventEmitter.emit (events.js:185:7)
14 verbose stack     at ChildProcess.<anonymous> (/usr/local/lib/node_modules/npm/lib/utils/spawn.js:24:14)
14 verbose stack     at emitTwo (events.js:100:13)
14 verbose stack     at ChildProcess.emit (events.js:185:7)
14 verbose stack     at maybeClose (internal/child_process.js:850:16)
14 verbose stack     at Process.ChildProcess._handle.onexit (internal/child_process.js:215:5)
15 verbose pkgid elm-app-boilerplate@0.3.1
16 verbose cwd /Users/jake/Sites/elm/elm-app-boilerplate
17 error Darwin 15.6.0
18 error argv "/usr/local/bin/node" "/usr/local/bin/npm" "start"
19 error node v5.12.0
20 error npm  v3.8.6
21 error code ELIFECYCLE
22 error elm-app-boilerplate@0.3.1 start: `webpack-dev-server --hot --inline`
22 error Exit status 1
23 error Failed at the elm-app-boilerplate@0.3.1 start script 'webpack-dev-server --hot --inline'.
23 error Make sure you have the latest version of node.js and npm installed.
23 error If you do, this is most likely a problem with the elm-app-boilerplate package,
23 error not with npm itself.
23 error Tell the author that this fails on your system:
23 error     webpack-dev-server --hot --inline
23 error You can get information on how to open an issue for this project with:
23 error     npm bugs elm-app-boilerplate
23 error Or if that isn't available, you can get their info via:
23 error     npm owner ls elm-app-boilerplate
23 error There is likely additional logging output above.
24 verbose exit [ 1, true ]
